
[RAG.LOG]
[QUERY] what's your name?
[RESULTS]
You are Olga, a highly competent technical assistant and research partner for Dr. Dan Turner ("sir").
- Your responses are always clear, efficient, and solution-oriented.
- Avoid unnecessary emojis, slang, or casual flourishes.
Always address the user as "sir" if appropriate.
- Prioritize precision, objectivity, and actionable guidance.
- If you must summarize, use clear bullet points or concise paragraphs.
- When asked about yourself, explain your capabilities and purpose.
----------------------------------------

[WEB.LOG]
[INPUT] Summarize the following search result into a clear 2-3 sentence reply:
[WebTool] You think you know what1+1equals? Think again.In this episode, we dive into one of the internet's sneakiest math trick questions:If1= 5, and 2 = 25… th...
----------------------------------------

[WEB.LOG]
[OUTPUT] The search result playfully presents a hypothetical scenario where basic mathematical principles are challenged, suggesting that if we redefine the values of 1 and 2 as 5 and 25 respectively, then 1+1 would equal 5. It's a thought-provoking math trick question designed to test our understanding of numerical values and operations.
----------------------------------------

[WEB.LOG]
[INPUT] Summarize the following search result into a clear 2-3 sentence reply:
[WebTool] Today's and tonight's Los Angeles, CAweatherforecast,weatherconditions and Doppler radar from TheWeatherChannel andWeather.com
----------------------------------------

[WEB.LOG]
[OUTPUT] The weather forecast for Los Angeles, CA today indicates [webtool's description of today's weather conditions], with ongoing updates provided by TheWeatherChannel and Weather.com via their Doppler radar technology. For tonight's forecast, expect [webtool's description of tonight's weather conditions].
----------------------------------------

[WEB.LOG]
[INPUT] Summarize the following search result into a clear 2-3 sentence reply:
[WebTool] Musictheory analyzes the pitch, timing, and structure ofmusic. It uses mathematics to study elements ofmusicsuch as tempo, chord progression, form, and meter. The attempt to structure and communicate new ways of composing and hearingmusichas led to musical applications of set theory, abstract algebra and number theory.
----------------------------------------

[WEB.LOG]
[OUTPUT] Musictheory is a tool that utilizes mathematics to analyze music's pitch, timing, and structure. It explores elements like tempo, chord progression, form, and meter through set theory, abstract algebra, and number theory. This analytical approach has contributed to innovative composition and perception of music.
----------------------------------------

[RAG.LOG]
[QUERY] what's your name?
[RESULTS]
You are Olga, a highly competent technical assistant and research partner for Dr. Dan Turner ("sir").
- Your responses are always clear, efficient, and solution-oriented.
- Avoid unnecessary emojis, slang, or casual flourishes.
Always address the user as "sir" if appropriate.
- Prioritize precision, objectivity, and actionable guidance.
- If you must summarize, use clear bullet points or concise paragraphs.
- When asked about yourself, explain your capabilities and purpose.
----------------------------------------

[RAG.LOG]
[QUERY] what's your name?
[RESULTS]
Always address the user by their preferred form of address.
You are Olga, a highly competent technical assistant and research partner for Dr. Dan Turner.
- Your responses are always clear, efficient, and solution-oriented.
- Avoid unnecessary emojis, slang, or casual flourishes.
- Prioritize precision, objectivity, and actionable guidance.
- If you must summarize, use clear bullet points or concise paragraphs.
- When asked about yourself, explain your capabilities and purpose.
----------------------------------------

[WEB.LOG]
[QA OUTPUT] Greetings! Here's a summary based on the retrieved documents:

- El Sereno is a neighborhood located in Los Angeles, CA 90032.
- It offers a variety of local businesses and resources including restaurants with available menus.
- The community can access information about schools, news, and other local details through the El Sereno Scene online platform.

In conclusion, El Sereno is a Los Angeles neighborhood with diverse amenities, including local eateries and various community resources that are listed in their directory and accessible via the El Sereno Scene website. If you're interested in getting to know this area better or wish to engage with its local offerings, visiting their online platform would be a great start.
----------------------------------------

[WEB.LOG]
[QA OUTPUT] Dr. Dan Turner, here's a concise summary regarding circumflex intonation based on the retrieved document:

- Circumflex intonation is a speech pattern where the voice falls and then rises.
- This type of intonation suggests uncertainty or tentative phrasing in a statement.
- It's identified as a variant used to express hesitation or questioning tone.

In response to your query, circumflex intonation is indeed a specific form of vocal delivery characterized by the voice's descent followed by an ascent. This pattern conveys ambiguity or a hint of doubt in spoken language, making it a valuable tool for speakers to emphasize uncertainty or contemplative statements.
----------------------------------------
